[INFO] Scanning for projects...
[INFO]                                                                         
[INFO] ------------------------------------------------------------------------
[INFO] Building bait-server 1.0.0-SNAPSHOT
[INFO] ------------------------------------------------------------------------
[INFO] 
[INFO] --- maven-dependency-plugin:2.8:tree (default-cli) @ bait-server ---
[INFO] org.bait:bait-server:war:1.0.0-SNAPSHOT
[INFO] +- org.glassfish.jersey.containers:jersey-container-servlet-core:jar:2.22.1:compile
[INFO] |  +- org.glassfish.hk2.external:javax.inject:jar:2.4.0-b31:compile
[INFO] |  +- org.glassfish.jersey.core:jersey-common:jar:2.22.1:compile
[INFO] |  |  +- javax.annotation:javax.annotation-api:jar:1.2:compile
[INFO] |  |  +- org.glassfish.jersey.bundles.repackaged:jersey-guava:jar:2.22.1:compile
[INFO] |  |  +- org.glassfish.hk2:hk2-api:jar:2.4.0-b31:compile
[INFO] |  |  |  \- org.glassfish.hk2.external:aopalliance-repackaged:jar:2.4.0-b31:compile
[INFO] |  |  +- org.glassfish.hk2:hk2-locator:jar:2.4.0-b31:compile
[INFO] |  |  \- org.glassfish.hk2:osgi-resource-locator:jar:1.0.1:compile
[INFO] |  +- org.glassfish.jersey.core:jersey-server:jar:2.22.1:compile
[INFO] |  |  +- org.glassfish.jersey.core:jersey-client:jar:2.22.1:compile
[INFO] |  |  +- org.glassfish.jersey.media:jersey-media-jaxb:jar:2.22.1:compile
[INFO] |  |  \- javax.validation:validation-api:jar:1.1.0.Final:compile
[INFO] |  \- javax.ws.rs:javax.ws.rs-api:jar:2.0.1:compile
[INFO] +- org.glassfish.jersey.media:jersey-media-json-jackson:jar:2.22.1:runtime
[INFO] |  +- org.glassfish.jersey.ext:jersey-entity-filtering:jar:2.22.1:runtime
[INFO] |  +- com.fasterxml.jackson.jaxrs:jackson-jaxrs-base:jar:2.6.5:compile
[INFO] |  |  +- com.fasterxml.jackson.core:jackson-core:jar:2.6.5:compile
[INFO] |  |  \- com.fasterxml.jackson.core:jackson-databind:jar:2.6.5:compile
[INFO] |  +- com.fasterxml.jackson.jaxrs:jackson-jaxrs-json-provider:jar:2.6.5:compile
[INFO] |  |  \- com.fasterxml.jackson.module:jackson-module-jaxb-annotations:jar:2.6.5:compile
[INFO] |  \- com.fasterxml.jackson.core:jackson-annotations:jar:2.6.5:compile
[INFO] +- org.springframework:spring-context:jar:4.2.4.RELEASE:compile
[INFO] |  +- org.springframework:spring-aop:jar:4.2.4.RELEASE:compile
[INFO] |  |  \- aopalliance:aopalliance:jar:1.0:compile
[INFO] |  +- org.springframework:spring-beans:jar:4.2.4.RELEASE:compile
[INFO] |  +- org.springframework:spring-core:jar:4.2.4.RELEASE:compile
[INFO] |  \- org.springframework:spring-expression:jar:4.2.4.RELEASE:compile
[INFO] +- org.springframework:spring-orm:jar:4.2.4.RELEASE:compile
[INFO] |  +- org.springframework:spring-jdbc:jar:4.2.4.RELEASE:compile
[INFO] |  \- org.springframework:spring-tx:jar:4.2.4.RELEASE:compile
[INFO] +- org.springframework.data:spring-data-jpa:jar:1.9.2.RELEASE:compile
[INFO] |  +- org.springframework.data:spring-data-commons:jar:1.11.2.RELEASE:compile
[INFO] |  +- org.aspectj:aspectjrt:jar:1.8.8:compile
[INFO] |  +- org.slf4j:slf4j-api:jar:1.7.13:compile
[INFO] |  \- org.slf4j:jcl-over-slf4j:jar:1.7.13:runtime
[INFO] +- org.glassfish.jersey.ext:jersey-spring3:jar:2.22.1:compile
[INFO] |  +- org.glassfish.hk2:hk2:jar:2.4.0-b31:compile
[INFO] |  |  +- org.glassfish.hk2:hk2-utils:jar:2.4.0-b31:compile
[INFO] |  |  |  \- javax.inject:javax.inject:jar:1:compile
[INFO] |  |  +- org.glassfish.hk2:config-types:jar:2.4.0-b31:compile
[INFO] |  |  +- org.glassfish.hk2:hk2-core:jar:2.4.0-b31:compile
[INFO] |  |  +- org.glassfish.hk2:hk2-config:jar:2.4.0-b31:compile
[INFO] |  |  |  +- org.jvnet:tiger-types:jar:1.4:compile
[INFO] |  |  |  \- org.glassfish.hk2.external:bean-validator:jar:2.4.0-b31:compile
[INFO] |  |  +- org.glassfish.hk2:hk2-runlevel:jar:2.4.0-b31:compile
[INFO] |  |  \- org.glassfish.hk2:class-model:jar:2.4.0-b31:compile
[INFO] |  |     \- org.glassfish.hk2.external:asm-all-repackaged:jar:2.4.0-b31:compile
[INFO] |  +- org.glassfish.hk2:spring-bridge:jar:2.4.0-b31:compile
[INFO] |  \- org.springframework:spring-web:jar:4.2.4.RELEASE:compile
[INFO] +- org.hibernate:hibernate-entitymanager:jar:4.3.11.Final:compile
[INFO] |  +- org.jboss.logging:jboss-logging:jar:3.3.0.Final:compile
[INFO] |  +- org.jboss.logging:jboss-logging-annotations:jar:1.2.0.Beta1:compile
[INFO] |  +- dom4j:dom4j:jar:1.6.1:compile
[INFO] |  |  \- xml-apis:xml-apis:jar:1.0.b2:compile
[INFO] |  +- org.hibernate.common:hibernate-commons-annotations:jar:4.0.5.Final:compile
[INFO] |  +- org.hibernate.javax.persistence:hibernate-jpa-2.1-api:jar:1.0.0.Final:compile
[INFO] |  +- org.jboss.spec.javax.transaction:jboss-transaction-api_1.2_spec:jar:1.0.0.Final:compile
[INFO] |  \- org.javassist:javassist:jar:3.18.1-GA:compile
[INFO] +- org.hibernate:hibernate-core:jar:4.3.11.Final:compile
[INFO] |  +- antlr:antlr:jar:2.7.7:compile
[INFO] |  \- org.jboss:jandex:jar:1.1.0.Final:compile
[INFO] +- org.apache.commons:commons-dbcp2:jar:2.1.1:compile
[INFO] |  +- org.apache.commons:commons-pool2:jar:2.4.2:compile
[INFO] |  \- commons-logging:commons-logging:jar:1.2:compile
[INFO] +- com.h2database:h2:jar:1.4.191:compile
[INFO] +- io.swagger:swagger-jersey2-jaxrs:jar:1.5.0:compile
[INFO] |  +- io.swagger:swagger-jaxrs:jar:1.5.0:compile
[INFO] |  |  +- com.fasterxml.jackson.dataformat:jackson-dataformat-yaml:jar:2.6.5:compile
[INFO] |  |  |  \- org.yaml:snakeyaml:jar:1.16:compile
[INFO] |  |  +- com.fasterxml.jackson.dataformat:jackson-dataformat-xml:jar:2.6.5:compile
[INFO] |  |  |  \- org.codehaus.woodstox:stax2-api:jar:3.1.4:compile
[INFO] |  |  +- io.swagger:swagger-core:jar:1.5.0:compile
[INFO] |  |  |  +- com.fasterxml.jackson.datatype:jackson-datatype-joda:jar:2.6.5:compile
[INFO] |  |  |  |  \- joda-time:joda-time:jar:2.8.2:compile
[INFO] |  |  |  \- io.swagger:swagger-models:jar:1.5.0:compile
[INFO] |  |  |     \- io.swagger:swagger-annotations:jar:1.5.0:compile
[INFO] |  |  \- org.reflections:reflections:jar:0.9.9:compile
[INFO] |  |     +- com.google.guava:guava:jar:17.0:compile
[INFO] |  |     \- com.google.code.findbugs:annotations:jar:2.0.1:compile
[INFO] |  \- org.glassfish.jersey.media:jersey-media-multipart:jar:2.22.1:compile
[INFO] |     \- org.jvnet.mimepull:mimepull:jar:1.9.6:compile
[INFO] +- com.jayway.restassured:rest-assured:jar:2.8.0:test
[INFO] |  +- org.codehaus.groovy:groovy:jar:2.4.4:test
[INFO] |  +- org.codehaus.groovy:groovy-xml:jar:2.4.4:test
[INFO] |  +- org.apache.httpcomponents:httpclient:jar:4.5.1:test
[INFO] |  |  +- org.apache.httpcomponents:httpcore:jar:4.4.4:test
[INFO] |  |  \- commons-codec:commons-codec:jar:1.10:test
[INFO] |  +- org.apache.httpcomponents:httpmime:jar:4.5.1:test
[INFO] |  +- org.hamcrest:hamcrest-core:jar:1.3:test
[INFO] |  +- org.hamcrest:hamcrest-library:jar:1.3:test
[INFO] |  +- org.ccil.cowan.tagsoup:tagsoup:jar:1.2.1:test
[INFO] |  +- com.jayway.restassured:json-path:jar:2.8.0:test
[INFO] |  |  +- org.codehaus.groovy:groovy-json:jar:2.4.4:test
[INFO] |  |  \- com.jayway.restassured:rest-assured-common:jar:2.8.0:test
[INFO] |  \- com.jayway.restassured:xml-path:jar:2.8.0:test
[INFO] |     \- org.apache.commons:commons-lang3:jar:3.3.2:compile
[INFO] +- org.codehaus.groovy:groovy-all:jar:2.4.5:test
[INFO] +- junit:junit:jar:4.12:test
[INFO] +- org.mockito:mockito-all:jar:1.10.19:test
[INFO] \- org.springframework:spring-test:jar:4.2.4.RELEASE:test
[INFO] ------------------------------------------------------------------------
[INFO] BUILD SUCCESS
[INFO] ------------------------------------------------------------------------
[INFO] Total time: 3.933 s
[INFO] Finished at: 2016-10-08T18:10:45+02:00
[INFO] Final Memory: 21M/239M
[INFO] ------------------------------------------------------------------------
